2021-07-21 20:00:09,827 [INFO] Activator:170 - 


2021-07-21 20:00:09,831 [INFO] Activator:171 - !SESSION log4j initialized
2021-07-21 20:10:06,645 [INFO] McuFinderGlobals:39 - Set McuFinder mode to 2 (CubeIDE integrated)
2021-07-21 20:10:07,332 [INFO] ApplicationProperties:181 - Using Application install path: C:\ST\STM32CubeIDE_1.5.1\STM32CubeIDE\plugins\com.st.stm32cube.common.mx_6.2.1.202103241236
2021-07-21 20:10:07,366 [INFO] DbMcusXml:74 - Set database path to: C:\ST\STM32CubeIDE_1.5.1\STM32CubeIDE\plugins\com.st.stm32cube.common.mx_6.2.1.202103241236\\db\/mcu/
2021-07-21 20:10:07,373 [INFO] DbBoardsPdsc:56 - Set plugin database path to: C:\ST\STM32CubeIDE_1.5.1\STM32CubeIDE\plugins\com.st.stm32cube.common.mx_6.2.1.202103241236\\db\/plugins/boardmanager/
2021-07-21 20:10:07,377 [INFO] DbMcus:258 - Set plugin images path to: C:\ST\STM32CubeIDE_1.5.1\STM32CubeIDE\plugins\com.st.stm32cube.common.mx_6.2.1.202103241236\\db\/plugins/mcufinder/images/
2021-07-21 20:10:07,378 [INFO] DbBoards:264 - Set plugin images path to: C:\ST\STM32CubeIDE_1.5.1\STM32CubeIDE\plugins\com.st.stm32cube.common.mx_6.2.1.202103241236\\db\/plugins/mcufinder/images/
2021-07-21 20:10:07,393 [INFO] DbExamples:333 - Set plugin images path to: C:\ST\STM32CubeIDE_1.5.1\STM32CubeIDE\plugins\com.st.stm32cube.common.mx_6.2.1.202103241236\\db\/plugins/mcufinder/images/
2021-07-21 20:10:07,408 [INFO] DbMcusAds:85 - Set database path to: C:\Users\Михаил\.stmcufinder\plugins\mcufinder//mcu/
2021-07-21 20:10:07,410 [INFO] DbMcusDocs:110 - Set database path to: C:\Users\Михаил\.stmcufinder\plugins\mcufinder//mcu/
2021-07-21 20:10:07,416 [INFO] DbMcusJson:65 - Set database path to: C:\Users\Михаил\.stmcufinder\plugins\mcufinder//mcu/
2021-07-21 20:10:07,419 [INFO] DbBoardsDocs:110 - Set database path to: C:\Users\Михаил\.stmcufinder\plugins\mcufinder//mcu/
2021-07-21 20:10:07,431 [INFO] DbBoardsJson:58 - Set database path to: C:\Users\Михаил\.stmcufinder\plugins\mcufinder//mcu/
2021-07-21 20:10:07,449 [INFO] CrossReferenceDbSqlite:196 - Set database path to: C:\Users\Михаил\.stmcufinder\plugins\mcufinder//mcu/cs/
2021-07-21 20:10:07,455 [INFO] DbExamplesSqlite:690 - Set database path to: C:\Users\Михаил\.stmcufinder\plugins\mcufinder//mcu/
2021-07-21 20:10:07,835 [INFO] RulesReader:52 - Compatibility file has been processed (237 Rules)
2021-07-21 20:10:08,100 [INFO] MicroXplorer:622 - Detected Java Version = 11.0.9.1
2021-07-21 20:10:08,104 [INFO] DbMcusXml:74 - Set database path to: C:\ST\STM32CubeIDE_1.5.1\STM32CubeIDE\plugins\com.st.stm32cube.common.mx_6.2.1.202103241236\\db\/mcu/
2021-07-21 20:10:08,104 [INFO] DbBoardsPdsc:56 - Set plugin database path to: C:\ST\STM32CubeIDE_1.5.1\STM32CubeIDE\plugins\com.st.stm32cube.common.mx_6.2.1.202103241236\\db\/plugins/boardmanager/
2021-07-21 20:10:08,105 [INFO] DbMcus:258 - Set plugin images path to: C:\ST\STM32CubeIDE_1.5.1\STM32CubeIDE\plugins\com.st.stm32cube.common.mx_6.2.1.202103241236\\db\/plugins/mcufinder/images/
2021-07-21 20:10:08,105 [INFO] DbBoards:264 - Set plugin images path to: C:\ST\STM32CubeIDE_1.5.1\STM32CubeIDE\plugins\com.st.stm32cube.common.mx_6.2.1.202103241236\\db\/plugins/mcufinder/images/
2021-07-21 20:10:08,106 [INFO] DbExamples:333 - Set plugin images path to: C:\ST\STM32CubeIDE_1.5.1\STM32CubeIDE\plugins\com.st.stm32cube.common.mx_6.2.1.202103241236\\db\/plugins/mcufinder/images/
2021-07-21 20:10:08,107 [WARN] DbFile:35 - Overriding database path with different value: C:\Users\Михаил\.stmcufinder\plugins\mcufinder/ => C:\Users\Михаил\.stmcufinder\plugins\mcufinder
2021-07-21 20:10:08,108 [INFO] DbMcusAds:85 - Set database path to: C:\Users\Михаил\.stmcufinder\plugins\mcufinder//mcu/
2021-07-21 20:10:08,112 [WARN] DbFile:35 - Overriding database path with different value: C:\Users\Михаил\.stmcufinder\plugins\mcufinder/ => C:\Users\Михаил\.stmcufinder\plugins\mcufinder
2021-07-21 20:10:08,114 [INFO] DbMcusDocs:110 - Set database path to: C:\Users\Михаил\.stmcufinder\plugins\mcufinder//mcu/
2021-07-21 20:10:08,114 [WARN] DbFile:35 - Overriding database path with different value: C:\Users\Михаил\.stmcufinder\plugins\mcufinder/ => C:\Users\Михаил\.stmcufinder\plugins\mcufinder
2021-07-21 20:10:08,114 [INFO] DbMcusJson:65 - Set database path to: C:\Users\Михаил\.stmcufinder\plugins\mcufinder//mcu/
2021-07-21 20:10:08,115 [WARN] DbFile:35 - Overriding database path with different value: C:\Users\Михаил\.stmcufinder\plugins\mcufinder/ => C:\Users\Михаил\.stmcufinder\plugins\mcufinder
2021-07-21 20:10:08,115 [INFO] DbBoardsDocs:110 - Set database path to: C:\Users\Михаил\.stmcufinder\plugins\mcufinder//mcu/
2021-07-21 20:10:08,118 [WARN] DbFile:35 - Overriding database path with different value: C:\Users\Михаил\.stmcufinder\plugins\mcufinder/ => C:\Users\Михаил\.stmcufinder\plugins\mcufinder
2021-07-21 20:10:08,126 [INFO] DbBoardsJson:58 - Set database path to: C:\Users\Михаил\.stmcufinder\plugins\mcufinder//mcu/
2021-07-21 20:10:08,127 [WARN] DbFile:35 - Overriding database path with different value: C:\Users\Михаил\.stmcufinder\plugins\mcufinder/ => C:\Users\Михаил\.stmcufinder\plugins\mcufinder
2021-07-21 20:10:08,127 [WARN] DbFile:35 - Overriding database path with different value: C:\Users\Михаил\.stmcufinder\plugins\mcufinder/ => C:\Users\Михаил\.stmcufinder\plugins\mcufinder
2021-07-21 20:10:08,128 [INFO] CrossReferenceDbSqlite:196 - Set database path to: C:\Users\Михаил\.stmcufinder\plugins\mcufinder//mcu/cs/
2021-07-21 20:10:08,128 [WARN] DbFile:35 - Overriding database path with different value: C:\Users\Михаил\.stmcufinder\plugins\mcufinder/ => C:\Users\Михаил\.stmcufinder\plugins\mcufinder
2021-07-21 20:10:08,129 [INFO] DbExamplesSqlite:690 - Set database path to: C:\Users\Михаил\.stmcufinder\plugins\mcufinder//mcu/
2021-07-21 20:10:08,324 [INFO] MainPanel:204 - HeapMemory: 504365056
2021-07-21 20:10:08,547 [INFO] DbMcusXml:74 - Set database path to: C:\ST\STM32CubeIDE_1.5.1\STM32CubeIDE\plugins\com.st.stm32cube.common.mx_6.2.1.202103241236\\db\/mcu/
2021-07-21 20:10:08,547 [INFO] DbBoardsPdsc:56 - Set plugin database path to: C:\ST\STM32CubeIDE_1.5.1\STM32CubeIDE\plugins\com.st.stm32cube.common.mx_6.2.1.202103241236\\db\/plugins/boardmanager/
2021-07-21 20:10:08,548 [INFO] DbMcus:258 - Set plugin images path to: C:\ST\STM32CubeIDE_1.5.1\STM32CubeIDE\plugins\com.st.stm32cube.common.mx_6.2.1.202103241236\\db\/plugins/mcufinder/images/
2021-07-21 20:10:08,548 [INFO] DbBoards:264 - Set plugin images path to: C:\ST\STM32CubeIDE_1.5.1\STM32CubeIDE\plugins\com.st.stm32cube.common.mx_6.2.1.202103241236\\db\/plugins/mcufinder/images/
2021-07-21 20:10:08,548 [INFO] DbExamples:333 - Set plugin images path to: C:\ST\STM32CubeIDE_1.5.1\STM32CubeIDE\plugins\com.st.stm32cube.common.mx_6.2.1.202103241236\\db\/plugins/mcufinder/images/
2021-07-21 20:10:08,549 [WARN] DbFile:35 - Overriding database path with different value: C:\Users\Михаил\.stmcufinder\plugins\mcufinder/ => C:\Users\Михаил\.stmcufinder\plugins\mcufinder
2021-07-21 20:10:08,550 [INFO] DbMcusAds:85 - Set database path to: C:\Users\Михаил\.stmcufinder\plugins\mcufinder//mcu/
2021-07-21 20:10:08,550 [WARN] DbFile:35 - Overriding database path with different value: C:\Users\Михаил\.stmcufinder\plugins\mcufinder/ => C:\Users\Михаил\.stmcufinder\plugins\mcufinder
2021-07-21 20:10:08,550 [INFO] DbMcusDocs:110 - Set database path to: C:\Users\Михаил\.stmcufinder\plugins\mcufinder//mcu/
2021-07-21 20:10:08,551 [WARN] DbFile:35 - Overriding database path with different value: C:\Users\Михаил\.stmcufinder\plugins\mcufinder/ => C:\Users\Михаил\.stmcufinder\plugins\mcufinder
2021-07-21 20:10:08,551 [INFO] DbMcusJson:65 - Set database path to: C:\Users\Михаил\.stmcufinder\plugins\mcufinder//mcu/
2021-07-21 20:10:08,551 [WARN] DbFile:35 - Overriding database path with different value: C:\Users\Михаил\.stmcufinder\plugins\mcufinder/ => C:\Users\Михаил\.stmcufinder\plugins\mcufinder
2021-07-21 20:10:08,552 [INFO] DbBoardsDocs:110 - Set database path to: C:\Users\Михаил\.stmcufinder\plugins\mcufinder//mcu/
2021-07-21 20:10:08,552 [WARN] DbFile:35 - Overriding database path with different value: C:\Users\Михаил\.stmcufinder\plugins\mcufinder/ => C:\Users\Михаил\.stmcufinder\plugins\mcufinder
2021-07-21 20:10:08,552 [INFO] DbBoardsJson:58 - Set database path to: C:\Users\Михаил\.stmcufinder\plugins\mcufinder//mcu/
2021-07-21 20:10:08,553 [WARN] DbFile:35 - Overriding database path with different value: C:\Users\Михаил\.stmcufinder\plugins\mcufinder/ => C:\Users\Михаил\.stmcufinder\plugins\mcufinder
2021-07-21 20:10:08,553 [WARN] DbFile:35 - Overriding database path with different value: C:\Users\Михаил\.stmcufinder\plugins\mcufinder/ => C:\Users\Михаил\.stmcufinder\plugins\mcufinder
2021-07-21 20:10:08,554 [INFO] CrossReferenceDbSqlite:196 - Set database path to: C:\Users\Михаил\.stmcufinder\plugins\mcufinder//mcu/cs/
2021-07-21 20:10:08,554 [WARN] DbFile:35 - Overriding database path with different value: C:\Users\Михаил\.stmcufinder\plugins\mcufinder/ => C:\Users\Михаил\.stmcufinder\plugins\mcufinder
2021-07-21 20:10:08,554 [INFO] DbExamplesSqlite:690 - Set database path to: C:\Users\Михаил\.stmcufinder\plugins\mcufinder//mcu/
2021-07-21 20:10:08,613 [INFO] ApplicationProperties:181 - Using Application install path: C:\ST\STM32CubeIDE_1.5.1\STM32CubeIDE\plugins\com.st.stm32cube.common.mx_6.2.1.202103241236
2021-07-21 20:10:08,653 [INFO] PluginManage:178 - Search for loadable plugins [exclusion list=, ]
2021-07-21 20:10:08,659 [INFO] PluginManage:292 - Check plugin analytics
2021-07-21 20:10:09,474 [INFO] AnalyticsPlugin:233 - Accepted Software Licenses: 
2021-07-21 20:10:09,475 [INFO] AnalyticsPlugin:235 - Accepted CMSIS Pack Licenses: 
2021-07-21 20:10:09,476 [INFO] AnalyticsPlugin:237 - Accepted Firmware Licenses: 
2021-07-21 20:10:09,478 [INFO] PluginManage:342 - Loaded plugin analytics (category:tool,tabindex:-1)
2021-07-21 20:10:09,478 [INFO] PluginManage:292 - Check plugin clock
2021-07-21 20:10:09,524 [INFO] PluginManage:342 - Loaded plugin clock (category:base,tabindex:2)
2021-07-21 20:10:09,524 [INFO] PluginManage:292 - Check plugin ddr
2021-07-21 20:10:09,532 [INFO] PluginManage:342 - Loaded plugin ddr (category:tool,tabindex:6)
2021-07-21 20:10:09,532 [INFO] PluginManage:292 - Check plugin filemanager
2021-07-21 20:10:09,951 [INFO] PluginManage:342 - Loaded plugin filemanager (category:base,tabindex:10)
2021-07-21 20:10:09,951 [INFO] PluginManage:292 - Check plugin ipmanager
2021-07-21 20:10:10,012 [INFO] PluginManage:342 - Loaded plugin ipmanager (category:base,tabindex:5)
2021-07-21 20:10:10,013 [INFO] PluginManage:292 - Check plugin pinoutandconfiguration
2021-07-21 20:10:10,035 [INFO] PluginManage:342 - Loaded plugin pinoutandconfiguration (category:base,tabindex:1)
2021-07-21 20:10:10,036 [INFO] PluginManage:292 - Check plugin pinoutconfig
2021-07-21 20:10:10,156 [INFO] PluginManage:342 - Loaded plugin pinoutconfig (category:base,tabindex:0)
2021-07-21 20:10:10,156 [INFO] PluginManage:292 - Check plugin power
2021-07-21 20:10:10,193 [INFO] PluginManage:342 - Loaded plugin power (category:power,tabindex:4)
2021-07-21 20:10:10,195 [INFO] PluginManage:292 - Check plugin projectmanager
2021-07-21 20:10:10,290 [INFO] PluginManage:342 - Loaded plugin projectmanager (category:projectmanager,tabindex:3)
2021-07-21 20:10:10,291 [INFO] PluginManage:292 - Check plugin thirdparty
2021-07-21 20:10:10,743 [INFO] PluginManage:342 - Loaded plugin thirdparty (category:base,tabindex:-1)
2021-07-21 20:10:10,744 [INFO] PluginManage:292 - Check plugin tools
2021-07-21 20:10:10,749 [INFO] PluginManage:342 - Loaded plugin tools (category:base,tabindex:7)
2021-07-21 20:10:10,749 [INFO] PluginManage:292 - Check plugin tutovideos
2021-07-21 20:10:10,846 [WARN] IntegrityCheckThread:59 - waiting for thirdparty lock release [integrity check]
2021-07-21 20:10:10,880 [INFO] IntegrityCheckThread:61 - entering critical section [integrity check]
2021-07-21 20:10:10,889 [INFO] ThirdPartyUpdaterWithRetryManager:56 - Updater plugin not ready yet. [1/15]
2021-07-21 20:10:11,549 [INFO] PluginManage:342 - Loaded plugin tutovideos (category:base,tabindex:-1)
2021-07-21 20:10:11,549 [INFO] PluginManage:292 - Check plugin updater
2021-07-21 20:10:11,582 [INFO] PluginManage:342 - Loaded plugin updater (category:base,tabindex:12)
2021-07-21 20:10:11,590 [INFO] PluginManage:265 - PluginManage : Loaded plugins [13]
2021-07-21 20:10:12,114 [INFO] PinOutPanel:1435 - setPackage(No Configuration,No Configuration)
2021-07-21 20:10:12,367 [INFO] IPUIPlugin:64 - create IPUIPlugin
2021-07-21 20:10:12,368 [INFO] PluginManager:203 - loadIPPluginJar : add adc
2021-07-21 20:10:12,377 [INFO] IPUIPlugin:64 - create IPUIPlugin
2021-07-21 20:10:12,378 [INFO] PluginManager:203 - loadIPPluginJar : add aes
2021-07-21 20:10:12,385 [INFO] IPUIPlugin:64 - create IPUIPlugin
2021-07-21 20:10:12,386 [INFO] PluginManager:203 - loadIPPluginJar : add can
2021-07-21 20:10:12,390 [INFO] IPUIPlugin:64 - create IPUIPlugin
2021-07-21 20:10:12,391 [INFO] PluginManager:203 - loadIPPluginJar : add comp
2021-07-21 20:10:12,398 [INFO] IPUIPlugin:64 - create IPUIPlugin
2021-07-21 20:10:12,399 [INFO] PluginManager:203 - loadIPPluginJar : add cryp
2021-07-21 20:10:12,417 [INFO] IPUIPlugin:64 - create IPUIPlugin
2021-07-21 20:10:12,418 [INFO] PluginManager:203 - loadIPPluginJar : add dfsdm
2021-07-21 20:10:12,431 [INFO] IPUIPlugin:64 - create IPUIPlugin
2021-07-21 20:10:12,432 [INFO] PluginManager:203 - loadIPPluginJar : add dma
2021-07-21 20:10:12,437 [INFO] IPUIPlugin:64 - create IPUIPlugin
2021-07-21 20:10:12,437 [INFO] PluginManager:203 - loadIPPluginJar : add fatfs
2021-07-21 20:10:12,449 [INFO] IPUIPlugin:64 - create IPUIPlugin
2021-07-21 20:10:12,455 [INFO] PluginManager:203 - loadIPPluginJar : add fmc
2021-07-21 20:10:12,469 [INFO] IPUIPlugin:64 - create IPUIPlugin
2021-07-21 20:10:12,470 [INFO] PluginManager:203 - loadIPPluginJar : add freertos
2021-07-21 20:10:12,475 [INFO] IPUIPlugin:64 - create IPUIPlugin
2021-07-21 20:10:12,475 [INFO] PluginManager:203 - loadIPPluginJar : add genericplugin
2021-07-21 20:10:12,482 [INFO] IPUIPlugin:64 - create IPUIPlugin
2021-07-21 20:10:12,482 [INFO] PluginManager:203 - loadIPPluginJar : add gfxmmu
2021-07-21 20:10:12,504 [INFO] IPUIPlugin:64 - create IPUIPlugin
2021-07-21 20:10:12,505 [INFO] PluginManager:203 - loadIPPluginJar : add gic
2021-07-21 20:10:12,516 [INFO] IPUIPlugin:64 - create IPUIPlugin
2021-07-21 20:10:12,516 [INFO] PluginManager:203 - loadIPPluginJar : add gpio
2021-07-21 20:10:12,523 [INFO] IPUIPlugin:64 - create IPUIPlugin
2021-07-21 20:10:12,524 [INFO] PluginManager:203 - loadIPPluginJar : add gtzc
2021-07-21 20:10:12,531 [INFO] IPUIPlugin:64 - create IPUIPlugin
2021-07-21 20:10:12,532 [INFO] PluginManager:203 - loadIPPluginJar : add hash
2021-07-21 20:10:12,548 [INFO] IPUIPlugin:64 - create IPUIPlugin
2021-07-21 20:10:12,548 [INFO] PluginManager:203 - loadIPPluginJar : add i2c
2021-07-21 20:10:12,558 [INFO] IPUIPlugin:64 - create IPUIPlugin
2021-07-21 20:10:12,560 [INFO] PluginManager:203 - loadIPPluginJar : add i2s
2021-07-21 20:10:12,573 [INFO] IPUIPlugin:64 - create IPUIPlugin
2021-07-21 20:10:12,574 [INFO] PluginManager:203 - loadIPPluginJar : add ipddr
2021-07-21 20:10:12,581 [INFO] IPUIPlugin:64 - create IPUIPlugin
2021-07-21 20:10:12,582 [INFO] PluginManager:203 - loadIPPluginJar : add lorawan
2021-07-21 20:10:12,586 [INFO] IPUIPlugin:64 - create IPUIPlugin
2021-07-21 20:10:12,587 [INFO] PluginManager:203 - loadIPPluginJar : add ltdc
2021-07-21 20:10:12,662 [INFO] IPUIPlugin:64 - create IPUIPlugin
2021-07-21 20:10:12,663 [INFO] PluginManager:203 - loadIPPluginJar : add mdma
2021-07-21 20:10:12,682 [INFO] IPUIPlugin:64 - create IPUIPlugin
2021-07-21 20:10:12,684 [INFO] PluginManager:203 - loadIPPluginJar : add nvic
2021-07-21 20:10:12,694 [INFO] IPUIPlugin:64 - create IPUIPlugin
2021-07-21 20:10:12,695 [INFO] PluginManager:203 - loadIPPluginJar : add opamp
2021-07-21 20:10:12,714 [INFO] IPUIPlugin:64 - create IPUIPlugin
2021-07-21 20:10:12,714 [INFO] PluginManager:203 - loadIPPluginJar : add openamp
2021-07-21 20:10:12,724 [INFO] IPUIPlugin:64 - create IPUIPlugin
2021-07-21 20:10:12,724 [INFO] PluginManager:203 - loadIPPluginJar : add pdm2pcm
2021-07-21 20:10:12,749 [INFO] IPUIPlugin:64 - create IPUIPlugin
2021-07-21 20:10:12,757 [INFO] PluginManager:203 - loadIPPluginJar : add plateformsettings
2021-07-21 20:10:12,761 [INFO] IPUIPlugin:64 - create IPUIPlugin
2021-07-21 20:10:12,762 [INFO] PluginManager:203 - loadIPPluginJar : add quadspi
2021-07-21 20:10:12,771 [INFO] IPUIPlugin:64 - create IPUIPlugin
2021-07-21 20:10:12,772 [INFO] PluginManager:203 - loadIPPluginJar : add resmgrutility
2021-07-21 20:10:12,780 [INFO] IPUIPlugin:64 - create IPUIPlugin
2021-07-21 20:10:12,780 [INFO] PluginManager:203 - loadIPPluginJar : add sai
2021-07-21 20:10:12,789 [INFO] IPUIPlugin:64 - create IPUIPlugin
2021-07-21 20:10:12,790 [INFO] PluginManager:203 - loadIPPluginJar : add spi
2021-07-21 20:10:12,801 [INFO] IPUIPlugin:64 - create IPUIPlugin
2021-07-21 20:10:12,801 [INFO] PluginManager:203 - loadIPPluginJar : add stm32_wpan
2021-07-21 20:10:12,805 [INFO] IPUIPlugin:64 - create IPUIPlugin
2021-07-21 20:10:12,806 [INFO] PluginManager:203 - loadIPPluginJar : add tim
2021-07-21 20:10:12,815 [INFO] IPUIPlugin:64 - create IPUIPlugin
2021-07-21 20:10:12,815 [INFO] PluginManager:203 - loadIPPluginJar : add touchsensing
2021-07-21 20:10:12,820 [INFO] IPUIPlugin:64 - create IPUIPlugin
2021-07-21 20:10:12,821 [INFO] PluginManager:203 - loadIPPluginJar : add tracer_emb
2021-07-21 20:10:12,827 [INFO] IPUIPlugin:64 - create IPUIPlugin
2021-07-21 20:10:12,828 [INFO] PluginManager:203 - loadIPPluginJar : add ts
2021-07-21 20:10:12,832 [INFO] IPUIPlugin:64 - create IPUIPlugin
2021-07-21 20:10:12,833 [INFO] PluginManager:203 - loadIPPluginJar : add tsc
2021-07-21 20:10:12,847 [INFO] IPUIPlugin:64 - create IPUIPlugin
2021-07-21 20:10:12,848 [INFO] PluginManager:203 - loadIPPluginJar : add ucpd
2021-07-21 20:10:12,856 [INFO] IPUIPlugin:64 - create IPUIPlugin
2021-07-21 20:10:12,857 [INFO] PluginManager:203 - loadIPPluginJar : add usart
2021-07-21 20:10:13,890 [INFO] ThirdPartyUpdaterWithRetryManager:56 - Updater plugin not ready yet. [2/15]
2021-07-21 20:10:14,795 [FATAL] Updater:284 - Updater called before beeing initialized
2021-07-21 20:10:15,181 [FATAL] Updater:284 - Updater called before beeing initialized
2021-07-21 20:10:15,199 [INFO] DbMcusAds:132 - JSON generation date=Mon Jul 12 19:30:17 GMT+05:00 2021 (1626100217982)
2021-07-21 20:10:15,200 [FATAL] Updater:284 - Updater called before beeing initialized
2021-07-21 20:10:15,292 [WARN] DetailPanel:315 - Failed to get advertising image, set to default
2021-07-21 20:10:15,862 [FATAL] Updater:284 - Updater called before beeing initialized
2021-07-21 20:10:15,873 [FATAL] Updater:284 - Updater called before beeing initialized
2021-07-21 20:10:15,874 [FATAL] Updater:284 - Updater called before beeing initialized
2021-07-21 20:10:15,875 [WARN] DetailPanel:315 - Failed to get advertising image, set to default
2021-07-21 20:10:15,879 [FATAL] Updater:284 - Updater called before beeing initialized
2021-07-21 20:10:16,064 [FATAL] Updater:284 - Updater called before beeing initialized
2021-07-21 20:10:16,065 [WARN] ThirdParty:796 - waiting for thirdparty lock release [close project]
2021-07-21 20:10:16,891 [FATAL] Updater:284 - Updater called before beeing initialized
2021-07-21 20:10:16,892 [ERROR] AbstractThirdPartyUpdaterManager:153 - class java.lang.Integer cannot be cast to class java.util.List (java.lang.Integer and java.util.List are in module java.base of loader 'bootstrap')
2021-07-21 20:10:16,892 [INFO] ThirdParty:900 - Integrity check success = false
2021-07-21 20:10:16,893 [INFO] IntegrityCheckThread:75 - exiting critical section [integrity check]
2021-07-21 20:10:16,893 [INFO] IntegrityCheckThread:78 - End integrity checks thread
2021-07-21 20:10:16,905 [INFO] ThirdParty:798 - entering critical section [close project]
2021-07-21 20:10:16,908 [INFO] ThirdParty:809 - exiting critical section [close project]
2021-07-21 20:10:16,923 [INFO] PinOutPanel:1435 - setPackage(No Configuration,No Configuration)
2021-07-21 20:10:16,924 [FATAL] Updater:284 - Updater called before beeing initialized
2021-07-21 20:10:16,958 [ERROR] Updater:1065 - MainUpdater not yet initialized. External WinMGr cannot be set.
2021-07-21 20:10:16,963 [INFO] Updater:1002 - Updater Version found : 6.2.1
2021-07-21 20:10:17,017 [INFO] ApplicationProperties:181 - Using Application install path: C:\ST\STM32CubeIDE_1.5.1\STM32CubeIDE\plugins\com.st.stm32cube.common.mx_6.2.1.202103241236
2021-07-21 20:10:17,661 [INFO] MainUpdater:2661 - connection check result : 10
2021-07-21 20:10:17,663 [INFO] MainUpdater:255 - Updater Check For Update Now.
2021-07-21 20:10:17,664 [INFO] MicroXplorer:472 - Change Database Version : DB.6.0.21
2021-07-21 20:10:17,860 [INFO] CheckServerUpdateThread:102 - End of CheckServer Thread
2021-07-21 20:10:17,904 [INFO] MainUpdater:2661 - connection check result : 10
2021-07-21 20:10:18,288 [INFO] ServerAccessManage:348 - Download File ad.zip
2021-07-21 20:10:18,692 [INFO] FileExtend:225 - Unzip File : ad.zip
2021-07-21 20:10:18,693 [INFO] FileExtend:240 - Standard Zip Deflate
2021-07-21 20:10:18,793 [INFO] LoadUrlFilesThread:135 - End of LoadUrlFiles Thread
2021-07-21 20:10:19,149 [INFO] ServerAccessManage:348 - Download File mcusAds.json._tmp_
2021-07-21 20:10:19,229 [INFO] LoadUrlFilesThread:135 - End of LoadUrlFiles Thread
2021-07-21 20:10:19,555 [INFO] ServerAccessManage:348 - Download File mcusDocs.json._tmp_
2021-07-21 20:10:19,755 [INFO] LoadUrlFilesThread:135 - End of LoadUrlFiles Thread
2021-07-21 20:10:19,844 [INFO] ServerAccessManage:348 - Download File mcusFeaturesAndDescription.json._tmp_
2021-07-21 20:10:21,433 [INFO] LoadUrlFilesThread:135 - End of LoadUrlFiles Thread
2021-07-21 20:10:21,673 [INFO] ServerAccessManage:348 - Download File boardsDocs.json._tmp_
2021-07-21 20:10:21,777 [INFO] LoadUrlFilesThread:135 - End of LoadUrlFiles Thread
2021-07-21 20:10:21,875 [INFO] ServerAccessManage:348 - Download File boards.json._tmp_
2021-07-21 20:10:21,951 [INFO] LoadUrlFilesThread:135 - End of LoadUrlFiles Thread
2021-07-21 20:10:22,141 [INFO] ServerAccessManage:348 - Download File cube-finder-db.zip
2021-07-21 20:10:26,135 [INFO] FileExtend:225 - Unzip File : cube-finder-db.zip
2021-07-21 20:10:26,136 [INFO] FileExtend:240 - Standard Zip Deflate
2021-07-21 20:10:27,090 [INFO] LoadUrlFilesThread:135 - End of LoadUrlFiles Thread
2021-07-21 20:10:28,055 [INFO] ServerAccessManage:348 - Download File crdb.zip
2021-07-21 20:10:28,513 [INFO] FileExtend:225 - Unzip File : crdb.zip
2021-07-21 20:10:28,513 [INFO] FileExtend:240 - Standard Zip Deflate
2021-07-21 20:10:28,558 [INFO] LoadUrlFilesThread:135 - End of LoadUrlFiles Thread
2021-07-21 20:10:28,706 [INFO] ServerAccessManage:348 - Download File tutoVideoDB.zip
2021-07-21 20:10:28,735 [INFO] FileExtend:225 - Unzip File : tutoVideoDB.zip
2021-07-21 20:10:28,736 [INFO] FileExtend:240 - Standard Zip Deflate
2021-07-21 20:10:28,748 [INFO] LoadUrlFilesThread:135 - End of LoadUrlFiles Thread
2021-07-21 20:10:28,800 [INFO] DbMcusAds:132 - JSON generation date=Mon Jul 12 19:30:17 GMT+05:00 2021 (1626100217982)
2021-07-21 20:10:28,840 [INFO] DbMcusDocs:143 - JSON generation date=Mon Jun 07 13:53:21 GMT+05:00 2021 (1623056001)
2021-07-21 20:10:28,842 [INFO] DbMcusXml:100 - Load MCU database from C:\ST\STM32CubeIDE_1.5.1\STM32CubeIDE\plugins\com.st.stm32cube.common.mx_6.2.1.202103241236\\db\/mcu/families.xml
2021-07-21 20:10:31,995 [INFO] DbMcusJson:94 - JSON generation date=Mon Jun 07 13:53:21 GMT+05:00 2021 (1623056001)
2021-07-21 20:10:34,395 [INFO] DbMcus:175 - Found 1906 MCUs (1866 are supported by CubeMX, 1866 are visible in CubeMX)
2021-07-21 20:10:34,396 [INFO] ApiDb:251 - Load user favorites file C:\Users\Михаил/.stm32cubeide/favorites.mcus.txt: 0 item(s)
2021-07-21 20:10:34,397 [INFO] ApiDb:255 - User favorites MCUs=[]
2021-07-21 20:10:34,397 [INFO] DbMcus:187 - Set 0 / 0 favorites MCUs
2021-07-21 20:10:35,714 [INFO] DbMcusDocs:79 - Found 669 MCUs documents
2021-07-21 20:10:35,719 [INFO] ApiDb:276 - Save user favorites file C:\Users\Михаил/.stm32cubeide/favorites.mcus.txt: 0 item(s)
2021-07-21 20:10:35,722 [INFO] ApiDb:280 - User favorites MCUs=[]
2021-07-21 20:10:35,723 [INFO] DbMcusXml:100 - Load MCU database from C:\ST\STM32CubeIDE_1.5.1\STM32CubeIDE\plugins\com.st.stm32cube.common.mx_6.2.1.202103241236\\db\/mcu/families.xml
2021-07-21 20:10:38,881 [INFO] DbMcusJson:94 - JSON generation date=Mon Jun 07 13:53:21 GMT+05:00 2021 (1623056001)
2021-07-21 20:10:41,103 [INFO] DbMcus:175 - Found 1906 MCUs (1866 are supported by CubeMX, 1866 are visible in CubeMX)
2021-07-21 20:10:41,103 [INFO] ApiDb:251 - Load user favorites file C:\Users\Михаил/.stm32cubeide/favorites.mcus.txt: 0 item(s)
2021-07-21 20:10:41,104 [INFO] ApiDb:255 - User favorites MCUs=[]
2021-07-21 20:10:41,105 [INFO] DbMcus:187 - Set 0 / 0 favorites MCUs
2021-07-21 20:10:41,180 [INFO] DbBoardsDocs:143 - JSON generation date=Tue Jun 01 10:52:40 GMT+05:00 2021 (1622526760)
2021-07-21 20:10:42,210 [INFO] DbBoardsPdsc:90 - Found 24 items
2021-07-21 20:10:42,249 [INFO] DbBoardsPdsc:90 - Found 9 items
2021-07-21 20:10:42,287 [INFO] DbBoardsPdsc:90 - Found 33 items
2021-07-21 20:10:42,335 [INFO] DbBoardsPdsc:90 - Found 1 items
2021-07-21 20:10:42,438 [INFO] DbBoardsPdsc:90 - Found 46 items
2021-07-21 20:10:42,939 [INFO] DbBoardsPdsc:90 - Found 41 items
2021-07-21 20:10:42,965 [INFO] DbBoardsPdsc:90 - Found 2 items
2021-07-21 20:10:42,975 [INFO] DbBoardsPdsc:90 - Found 5 items
2021-07-21 20:10:42,999 [WARN] DbBoardsPdsc:254 - Board NUCLEO-WB15CC: unknown feature type=, name=, username=Three user LEDs, n=1
2021-07-21 20:10:43,000 [WARN] DbBoardsPdsc:254 - Board NUCLEO-WB15CC: unknown feature type=, name=, username=One reset and three user push-buttons, n=1
2021-07-21 20:10:43,000 [WARN] DbBoardsPdsc:254 - Board NUCLEO-WB15CC: unknown feature type=, name=, username=Arduino Uno V3 expansion connector, n=1
2021-07-21 20:10:43,000 [WARN] DbBoardsPdsc:254 - Board NUCLEO-WB15CC: unknown feature type=, name=, username=ST morpho extension pin headers for full access to all STM32WB I/Os, n=1
2021-07-21 20:10:43,000 [WARN] DbBoardsPdsc:254 - Board NUCLEO-WB15CC: unknown feature type=, name=, username=Integrated PCB antenna and SMA connector footprint, n=1
2021-07-21 20:10:43,001 [WARN] DbBoardsPdsc:254 - Board NUCLEO-WB15CC: unknown feature type=, name=, username=Flexible power-supply options: ST-LINK, USB VBUS, or external sources, n=1
2021-07-21 20:10:43,001 [WARN] DbBoardsPdsc:254 - Board NUCLEO-WB15CC: unknown feature type=, name=, username=On-board footprint to mount a CR2032 battery socket, n=1
2021-07-21 20:10:43,001 [WARN] DbBoardsPdsc:254 - Board NUCLEO-WB15CC: unknown feature type=, name=, username=On-board ST-LINK/V2-1 debugger/programmer with USB re-enumeration capability: mass storage, Virtual COM port, and debug port, n=1
2021-07-21 20:10:43,001 [WARN] DbBoardsPdsc:254 - Board NUCLEO-WB15CC: unknown feature type=, name=, username=Comprehensive free software libraries and examples available with the STM32CubeWB MCU Package, n=1
2021-07-21 20:10:43,001 [WARN] DbBoardsPdsc:254 - Board NUCLEO-WB15CC: unknown feature type=, name=, username=Support of a wide choice of Integrated Development Environments (IDEs) including IAR Embedded Workbench, MDK-ARM, STM32CubeIDE, and Mbed Studio, n=1
2021-07-21 20:10:43,007 [WARN] DbBoardsPdsc:254 - Board STM32H7B3I-DK: unknown feature type=Audio, name=, username=Audio stereo codec with Headphone Amp (CS42L51-CNZ), n=1
2021-07-21 20:10:43,008 [WARN] DbBoardsPdsc:254 - Board STM32H735G-DK: unknown feature type=Audio, name=, username=Audio stereo codec with Headphone Amp (WM8994ECS/R), n=1
2021-07-21 20:10:43,009 [WARN] DbBoardsPdsc:254 - Board STM32WB5MM-DK: unknown feature type=, name=, username=Time-of-Flight and gesture-detection sensor, n=1
2021-07-21 20:10:43,010 [WARN] DbBoardsPdsc:254 - Board STM32WB5MM-DK: unknown feature type=, name=, username=3 push-buttons (2 users and 1 reset) and 1 touch key button, n=1
2021-07-21 20:10:43,010 [WARN] DbBoardsPdsc:254 - Board STM32WB5MM-DK: unknown feature type=, name=, username=Flexible power-supply options: ST-LINK/V2-1 USB connector, 5 V delivered by ARDUINO?® or external connector, USB charger, or USB power, n=1
2021-07-21 20:10:43,011 [WARN] DbBoardsPdsc:254 - Board STM32WB5MM-DK: unknown feature type=, name=, username=On-board ST-LINK/V2-1 debugger/programmer with USB re-enumeration capability: Virtual COM port and debug port, n=1
2021-07-21 20:10:43,013 [WARN] DbBoardsPdsc:254 - Board STM32WB5MM-DK: unknown feature type=, name=, username=Comprehensive free software libraries and examples available with the STM32CubeWB MCU Package, n=1
2021-07-21 20:10:43,013 [WARN] DbBoardsPdsc:254 - Board STM32WB5MM-DK: unknown feature type=, name=, username=Support of a wide choice of Integrated Development Environments (IDEs) including IAR Embedded Workbench?®, MDK-ARM, and STM32CubeIDE, n=1
2021-07-21 20:10:43,017 [WARN] DbBoardsPdsc:254 - Board STM32H7B3I-EVAL: unknown feature type=Audio, name=, username=Multi-Channel Audio Codec (CS42L51-CNZ), n=1
2021-07-21 20:10:43,017 [WARN] DbBoardsPdsc:254 - Board STM32H7B3I-EVAL: unknown feature type=Meter, name=, username=Power-metering and Temperature-monitoring with sigma-delta modulators, n=1
2021-07-21 20:10:43,017 [WARN] DbBoardsPdsc:254 - Board STM32H7B3I-EVAL: unknown feature type=Motor, name=, username=Motor Control, n=1
2021-07-21 20:10:43,473 [INFO] DbBoardsJson:87 - JSON generation date=Tue Jun 01 10:52:40 GMT+05:00 2021 (1622526760)
2021-07-21 20:10:43,492 [INFO] DbBoards:117 - Found 161 boards (158 are supported by CubeMX)
2021-07-21 20:10:43,518 [INFO] DbBoardsDocs:143 - JSON generation date=Tue Jun 01 10:52:40 GMT+05:00 2021 (1622526760)
2021-07-21 20:10:43,626 [INFO] DbBoardsDocs:79 - Found 193 boards documents
2021-07-21 20:10:43,629 [WARN] DbBoards:127 - board B-L462E-CELL1 has no document id list !
2021-07-21 20:10:43,631 [WARN] DbBoards:127 - board B-L475E-IOT01A2 has no document id list !
2021-07-21 20:10:43,633 [WARN] DbBoards:127 - board NUCLEO-G0B1RE has no document id list !
2021-07-21 20:10:43,634 [WARN] DbBoards:127 - board NUCLEO-H743ZI has no document id list !
2021-07-21 20:10:43,657 [WARN] DbBoards:127 - board NUCLEO-L4A6ZG has no document id list !
2021-07-21 20:10:43,658 [WARN] DbBoards:127 - board NUCLEO-WB15CC has no document id list !
2021-07-21 20:10:43,658 [WARN] DbBoards:127 - board NUCLEO-WB55RG has no document id list !
2021-07-21 20:10:43,658 [WARN] DbBoards:127 - board NUCLEO-WL55JC2 has no document id list !
2021-07-21 20:10:43,659 [WARN] DbBoards:127 - board P-NUCLEO-WB55-Nucleo has no document id list !
2021-07-21 20:10:43,660 [WARN] DbBoards:127 - board P-NUCLEO-WB55-USBDongle has no document id list !
2021-07-21 20:10:43,660 [WARN] DbBoards:127 - board STEVAL-BFA001V1B has no document id list !
2021-07-21 20:10:43,660 [WARN] DbBoards:127 - board STEVAL-BFA001V2B has no document id list !
2021-07-21 20:10:43,660 [WARN] DbBoards:127 - board STEVAL-IDP005V1 has no document id list !
2021-07-21 20:10:43,660 [WARN] DbBoards:127 - board STEVAL-IDP005V2 has no document id list !
2021-07-21 20:10:43,660 [WARN] DbBoards:127 - board STEVAL-MKSBOX1V1 has no document id list !
2021-07-21 20:10:43,660 [WARN] DbBoards:127 - board STEVAL-STWINKT1 has no document id list !
2021-07-21 20:10:43,661 [WARN] DbBoards:127 - board STEVAL-STWINKT1B has no document id list !
2021-07-21 20:10:43,661 [WARN] DbBoards:127 - board STM32F401C-DISCO has no document id list !
2021-07-21 20:10:43,662 [WARN] DbBoards:127 - board STM32F769I-DISC1 has no document id list !
2021-07-21 20:10:43,662 [WARN] DbBoards:127 - board STM32G0C1E-EV has no document id list !
2021-07-21 20:10:43,662 [WARN] DbBoards:127 - board STM32G474E-EVAL1 has no document id list !
2021-07-21 20:10:43,663 [WARN] DbBoards:127 - board STM32H743I-EVAL2 has no document id list !
2021-07-21 20:10:43,663 [WARN] DbBoards:127 - board STM32H747I-DISC1 has no document id list !
2021-07-21 20:10:43,665 [WARN] DbBoards:127 - board STM32H753I-EVAL2 has no document id list !
2021-07-21 20:10:43,666 [WARN] DbBoards:127 - board STM32L-DISCOVERY has no document id list !
2021-07-21 20:10:43,666 [WARN] DbBoards:127 - board STM32MP157A-DK1 has no document id list !
2021-07-21 20:10:43,667 [WARN] DbBoards:127 - board STM32MP157F-DK2 has no document id list !
2021-07-21 20:10:43,667 [WARN] DbBoards:127 - board STM32MP157F-EV1 has no document id list !
2021-07-21 20:10:43,667 [WARN] DbBoards:127 - board STM32WB5MM-DK has no document id list !
2021-07-21 20:10:54,764 [INFO] ApiDb:251 - Load user favorites file C:\Users\Михаил/.stm32cubeide/favorites.boards.txt: 0 item(s)
2021-07-21 20:10:54,765 [INFO] ApiDb:255 - User favorites Boards=[]
2021-07-21 20:10:54,765 [INFO] DbBoards:206 - Set 0 / 0 favorites Boards
2021-07-21 20:10:54,824 [INFO] DbBoardsDocs:79 - Found 386 boards documents
2021-07-21 20:10:54,824 [INFO] ApiDb:276 - Save user favorites file C:\Users\Михаил/.stm32cubeide/favorites.boards.txt: 0 item(s)
2021-07-21 20:10:54,825 [INFO] ApiDb:280 - User favorites Boards=[]
2021-07-21 20:10:54,841 [INFO] DbBoardsPdsc:90 - Found 24 items
2021-07-21 20:10:54,846 [INFO] DbBoardsPdsc:90 - Found 9 items
2021-07-21 20:10:54,856 [INFO] DbBoardsPdsc:90 - Found 33 items
2021-07-21 20:10:54,859 [INFO] DbBoardsPdsc:90 - Found 1 items
2021-07-21 20:10:54,875 [INFO] DbBoardsPdsc:90 - Found 46 items
2021-07-21 20:10:54,902 [INFO] DbBoardsPdsc:90 - Found 41 items
2021-07-21 20:10:54,905 [INFO] DbBoardsPdsc:90 - Found 2 items
2021-07-21 20:10:54,911 [INFO] DbBoardsPdsc:90 - Found 5 items
2021-07-21 20:10:54,924 [WARN] DbBoardsPdsc:254 - Board NUCLEO-WB15CC: unknown feature type=, name=, username=Three user LEDs, n=1
2021-07-21 20:10:54,925 [WARN] DbBoardsPdsc:254 - Board NUCLEO-WB15CC: unknown feature type=, name=, username=One reset and three user push-buttons, n=1
2021-07-21 20:10:54,925 [WARN] DbBoardsPdsc:254 - Board NUCLEO-WB15CC: unknown feature type=, name=, username=Arduino Uno V3 expansion connector, n=1
2021-07-21 20:10:54,925 [WARN] DbBoardsPdsc:254 - Board NUCLEO-WB15CC: unknown feature type=, name=, username=ST morpho extension pin headers for full access to all STM32WB I/Os, n=1
2021-07-21 20:10:54,926 [WARN] DbBoardsPdsc:254 - Board NUCLEO-WB15CC: unknown feature type=, name=, username=Integrated PCB antenna and SMA connector footprint, n=1
2021-07-21 20:10:54,926 [WARN] DbBoardsPdsc:254 - Board NUCLEO-WB15CC: unknown feature type=, name=, username=Flexible power-supply options: ST-LINK, USB VBUS, or external sources, n=1
2021-07-21 20:10:54,926 [WARN] DbBoardsPdsc:254 - Board NUCLEO-WB15CC: unknown feature type=, name=, username=On-board footprint to mount a CR2032 battery socket, n=1
2021-07-21 20:10:54,926 [WARN] DbBoardsPdsc:254 - Board NUCLEO-WB15CC: unknown feature type=, name=, username=On-board ST-LINK/V2-1 debugger/programmer with USB re-enumeration capability: mass storage, Virtual COM port, and debug port, n=1
2021-07-21 20:10:54,926 [WARN] DbBoardsPdsc:254 - Board NUCLEO-WB15CC: unknown feature type=, name=, username=Comprehensive free software libraries and examples available with the STM32CubeWB MCU Package, n=1
2021-07-21 20:10:54,926 [WARN] DbBoardsPdsc:254 - Board NUCLEO-WB15CC: unknown feature type=, name=, username=Support of a wide choice of Integrated Development Environments (IDEs) including IAR Embedded Workbench, MDK-ARM, STM32CubeIDE, and Mbed Studio, n=1
2021-07-21 20:10:54,930 [WARN] DbBoardsPdsc:254 - Board STM32H7B3I-DK: unknown feature type=Audio, name=, username=Audio stereo codec with Headphone Amp (CS42L51-CNZ), n=1
2021-07-21 20:10:54,931 [WARN] DbBoardsPdsc:254 - Board STM32H735G-DK: unknown feature type=Audio, name=, username=Audio stereo codec with Headphone Amp (WM8994ECS/R), n=1
2021-07-21 20:10:54,932 [WARN] DbBoardsPdsc:254 - Board STM32WB5MM-DK: unknown feature type=, name=, username=Time-of-Flight and gesture-detection sensor, n=1
2021-07-21 20:10:54,932 [WARN] DbBoardsPdsc:254 - Board STM32WB5MM-DK: unknown feature type=, name=, username=3 push-buttons (2 users and 1 reset) and 1 touch key button, n=1
2021-07-21 20:10:54,932 [WARN] DbBoardsPdsc:254 - Board STM32WB5MM-DK: unknown feature type=, name=, username=Flexible power-supply options: ST-LINK/V2-1 USB connector, 5 V delivered by ARDUINO?® or external connector, USB charger, or USB power, n=1
2021-07-21 20:10:54,933 [WARN] DbBoardsPdsc:254 - Board STM32WB5MM-DK: unknown feature type=, name=, username=On-board ST-LINK/V2-1 debugger/programmer with USB re-enumeration capability: Virtual COM port and debug port, n=1
2021-07-21 20:10:54,933 [WARN] DbBoardsPdsc:254 - Board STM32WB5MM-DK: unknown feature type=, name=, username=Comprehensive free software libraries and examples available with the STM32CubeWB MCU Package, n=1
2021-07-21 20:10:54,933 [WARN] DbBoardsPdsc:254 - Board STM32WB5MM-DK: unknown feature type=, name=, username=Support of a wide choice of Integrated Development Environments (IDEs) including IAR Embedded Workbench?®, MDK-ARM, and STM32CubeIDE, n=1
2021-07-21 20:10:54,936 [WARN] DbBoardsPdsc:254 - Board STM32H7B3I-EVAL: unknown feature type=Audio, name=, username=Multi-Channel Audio Codec (CS42L51-CNZ), n=1
2021-07-21 20:10:54,937 [WARN] DbBoardsPdsc:254 - Board STM32H7B3I-EVAL: unknown feature type=Meter, name=, username=Power-metering and Temperature-monitoring with sigma-delta modulators, n=1
2021-07-21 20:10:54,937 [WARN] DbBoardsPdsc:254 - Board STM32H7B3I-EVAL: unknown feature type=Motor, name=, username=Motor Control, n=1
2021-07-21 20:10:54,986 [INFO] DbBoardsJson:87 - JSON generation date=Tue Jun 01 10:52:40 GMT+05:00 2021 (1622526760)
2021-07-21 20:10:55,013 [INFO] DbBoards:117 - Found 161 boards (158 are supported by CubeMX)
2021-07-21 20:10:55,013 [WARN] DbBoards:127 - board B-L462E-CELL1 has no document id list !
2021-07-21 20:10:55,014 [WARN] DbBoards:127 - board B-L475E-IOT01A2 has no document id list !
2021-07-21 20:10:55,016 [WARN] DbBoards:127 - board NUCLEO-G0B1RE has no document id list !
2021-07-21 20:10:55,017 [WARN] DbBoards:127 - board NUCLEO-H743ZI has no document id list !
2021-07-21 20:10:55,017 [WARN] DbBoards:127 - board NUCLEO-L4A6ZG has no document id list !
2021-07-21 20:10:55,018 [WARN] DbBoards:127 - board NUCLEO-WB15CC has no document id list !
2021-07-21 20:10:55,018 [WARN] DbBoards:127 - board NUCLEO-WB55RG has no document id list !
2021-07-21 20:10:55,018 [WARN] DbBoards:127 - board NUCLEO-WL55JC2 has no document id list !
2021-07-21 20:10:55,018 [WARN] DbBoards:127 - board P-NUCLEO-WB55-Nucleo has no document id list !
2021-07-21 20:10:55,018 [WARN] DbBoards:127 - board P-NUCLEO-WB55-USBDongle has no document id list !
2021-07-21 20:10:55,019 [WARN] DbBoards:127 - board STEVAL-BFA001V1B has no document id list !
2021-07-21 20:10:55,019 [WARN] DbBoards:127 - board STEVAL-BFA001V2B has no document id list !
2021-07-21 20:10:55,019 [WARN] DbBoards:127 - board STEVAL-IDP005V1 has no document id list !
2021-07-21 20:10:55,021 [WARN] DbBoards:127 - board STEVAL-IDP005V2 has no document id list !
2021-07-21 20:10:55,021 [WARN] DbBoards:127 - board STEVAL-MKSBOX1V1 has no document id list !
2021-07-21 20:10:55,021 [WARN] DbBoards:127 - board STEVAL-STWINKT1 has no document id list !
2021-07-21 20:10:55,021 [WARN] DbBoards:127 - board STEVAL-STWINKT1B has no document id list !
2021-07-21 20:10:55,022 [WARN] DbBoards:127 - board STM32F401C-DISCO has no document id list !
2021-07-21 20:10:55,022 [WARN] DbBoards:127 - board STM32F769I-DISC1 has no document id list !
2021-07-21 20:10:55,023 [WARN] DbBoards:127 - board STM32G0C1E-EV has no document id list !
2021-07-21 20:10:55,023 [WARN] DbBoards:127 - board STM32G474E-EVAL1 has no document id list !
2021-07-21 20:10:55,023 [WARN] DbBoards:127 - board STM32H743I-EVAL2 has no document id list !
2021-07-21 20:10:55,023 [WARN] DbBoards:127 - board STM32H747I-DISC1 has no document id list !
2021-07-21 20:10:55,024 [WARN] DbBoards:127 - board STM32H753I-EVAL2 has no document id list !
2021-07-21 20:10:55,024 [WARN] DbBoards:127 - board STM32L-DISCOVERY has no document id list !
2021-07-21 20:10:55,027 [WARN] DbBoards:127 - board STM32MP157A-DK1 has no document id list !
2021-07-21 20:10:55,027 [WARN] DbBoards:127 - board STM32MP157F-DK2 has no document id list !
2021-07-21 20:10:55,027 [WARN] DbBoards:127 - board STM32MP157F-EV1 has no document id list !
2021-07-21 20:10:55,027 [WARN] DbBoards:127 - board STM32WB5MM-DK has no document id list !
2021-07-21 20:10:59,453 [INFO] ApiDb:251 - Load user favorites file C:\Users\Михаил/.stm32cubeide/favorites.boards.txt: 0 item(s)
2021-07-21 20:10:59,453 [INFO] ApiDb:255 - User favorites Boards=[]
2021-07-21 20:10:59,454 [INFO] DbBoards:206 - Set 0 / 0 favorites Boards
2021-07-21 20:11:14,636 [INFO] ApiDb:479 - Connected to CubeFinder SQLite database (C:\Users\Михаил\.stmcufinder\plugins\mcufinder\mcu\cube-finder-db.db)
2021-07-21 20:11:16,703 [INFO] DbExamplesSqlite:401 - Ignored 36 examples not supported by CubeIDE
2021-07-21 20:11:16,703 [INFO] DbExamplesSqlite:402 - Found 4835 examples active
2021-07-21 20:11:16,703 [INFO] DbExamplesSqlite:403 - Found 274 examples obsolete
2021-07-21 20:11:16,704 [INFO] DbExamplesSqlite:404 - Found 0 examples under development
2021-07-21 20:11:16,704 [INFO] DbExamplesSqlite:405 - Found 76 examples not building
2021-07-21 20:11:16,760 [INFO] DbExamplesSqlite:104 - CubeFinder database Data Model version=2.1
2021-07-21 20:11:16,760 [INFO] DbExamplesSqlite:105 - CubeFinder database Configuration version=3.0-WIP12
2021-07-21 20:11:16,760 [INFO] DbExamplesSqlite:106 - CubeFinder database generation date=2021-05-10 (1620656699)
2021-07-21 20:11:16,760 [INFO] DbExamplesSqlite:107 - CubeFinder database FW Pack versions=[STM32Cube_FW_F4_V1.26.1, STM32Cube_FW_F7_V1.16.1, STM32Cube_FW_G0_V1.4.1, STM32Cube_FW_G4_V1.4.0, STM32Cube_FW_H7_V1.9.0, STM32Cube_FW_L5_V1.4.0, STM32Cube_FW_WB_V1.11.1, STM32Cube_FW_WL_V1.0.0, X-CUBE-AZRTOS-H7_V1.0.0, X-CUBE-BLE1_V6.2.0, X-CUBE-BLE2_V3.2.0, X-CUBE-GNSS1_V5.2.0]
2021-07-21 20:11:16,763 [INFO] DbExamples:130 - Found 4875 examples
2021-07-21 20:11:19,912 [ERROR] DbExamples:206 - Found 301 examples with invalid data (board or MCU)
2021-07-21 20:11:19,913 [INFO] DbExamples:222 - Found 63 boards with related examples
2021-07-21 20:11:19,973 [INFO] DbExamples:235 - Found 52 MCUs with related examples
2021-07-21 20:11:20,022 [INFO] ApiDb:251 - Load user favorites file C:\Users\Михаил/.stm32cubeide/favorites.examples.txt: 0 item(s)
2021-07-21 20:11:20,023 [INFO] ApiDb:255 - User favorites Examples=[]
2021-07-21 20:11:20,023 [INFO] DbExamples:256 - Set 0 / 0 favorites Examples
2021-07-21 20:11:23,229 [INFO] CrossSelectorPresenter:1330 - Cross Selector saved comparison directory: C:\Users\Михаил\.stmcufinder\plugins\mcufinder\mcu\cs_comparisons_mx
2021-07-21 20:11:23,245 [INFO] MultiScanPanel:200 - Auto-refresh data requested => check proxy status ongoing
2021-07-21 20:11:23,252 [INFO] FinderPluginLoader:87 - Searching for filters in installed packs
2021-07-21 20:11:25,214 [WARN] DetailPanel:315 - Failed to get advertising image, set to default
2021-07-21 20:12:16,337 [INFO] MainUpdater:2661 - connection check result : 10
2021-07-21 20:12:16,339 [INFO] MainUpdater:2661 - connection check result : 10
2021-07-21 20:12:16,466 [INFO] MicroXplorer:442 - Change Database Path : 
2021-07-21 20:12:16,466 [INFO] MicroXplorer:472 - Change Database Version : DB.6.0.21
2021-07-21 20:12:16,488 [WARN] ThirdParty:796 - waiting for thirdparty lock release [close project]
2021-07-21 20:12:16,488 [INFO] ThirdParty:798 - entering critical section [close project]
2021-07-21 20:12:16,488 [INFO] ThirdParty:809 - exiting critical section [close project]
2021-07-21 20:12:16,497 [INFO] PinOutPanel:1435 - setPackage(No Configuration,No Configuration)
2021-07-21 20:12:16,498 [INFO] UtilMem:74 - Begin LoadConfig() Used Memory: 566565528 Bytes (900726784)
2021-07-21 20:12:16,501 [INFO] MicroXplorer:442 - Change Database Path : 
2021-07-21 20:12:16,501 [INFO] MicroXplorer:472 - Change Database Version : DB.6.0.21
2021-07-21 20:12:16,502 [INFO] OpenFileManager:303 - Change cursor
2021-07-21 20:12:16,578 [WARN] IntegrityCheckThread:59 - waiting for thirdparty lock release [integrity check]
2021-07-21 20:12:16,579 [INFO] IntegrityCheckThread:61 - entering critical section [integrity check]
2021-07-21 20:12:17,588 [WARN] PackLoader:226 - Cannot read IP mode file for STMicroelectronics.X-CUBE-SUBG2.4.1.0
2021-07-21 20:12:17,883 [WARN] PackLoader:226 - Cannot read IP mode file for SEGGER.I-CUBE-embOS.1.2.0
2021-07-21 20:12:18,119 [WARN] PackLoader:226 - Cannot read IP mode file for STMicroelectronics.X-CUBE-BLE1.6.2.0
2021-07-21 20:12:18,156 [WARN] PackLoader:226 - Cannot read IP mode file for STMicroelectronics.X-CUBE-TOUCHGFX.4.17.0
2021-07-21 20:12:18,160 [INFO] ThirdParty:900 - Integrity check success = true
2021-07-21 20:12:18,161 [INFO] IntegrityCheckThread:75 - exiting critical section [integrity check]
2021-07-21 20:12:18,161 [INFO] IntegrityCheckThread:78 - End integrity checks thread
2021-07-21 20:12:32,667 [INFO] Context:587 - Trying to add GPIOservice into a context  which must be forbidden
2021-07-21 20:12:34,043 [INFO] ImportTextPane:162 - (OptionalMessage_ERROR) Unable to find key (Mcu.ThirdPartyNb) in loaded IOC file
2021-07-21 20:12:34,044 [INFO] ImportTextPane:162 - (OptionalMessage_ERROR) Unable to find key (Mcu.PinsNb) in loaded IOC file
2021-07-21 20:12:34,044 [INFO] ImportTextPane:162 - (OptionalMessage_ERROR) Unable to find key (Mcu.IPNb) in loaded IOC file
2021-07-21 20:12:34,373 [INFO] RtosManager:470 - Registered RTOS mode: class=CMSIS, group=RTOS, mode=CMSIS_V1, owner=FREERTOS
2021-07-21 20:12:34,374 [INFO] RtosManager:470 - Registered RTOS mode: class=CMSIS, group=RTOS2, mode=CMSIS_V2, owner=FREERTOS
2021-07-21 20:12:34,374 [INFO] RtosManager:470 - Registered RTOS mode: class=RTOS, group=Core, mode=CMSIS_V1, owner=FREERTOS
2021-07-21 20:12:34,375 [INFO] RtosManager:470 - Registered RTOS mode: class=RTOS, group=Core, mode=CMSIS_V2, owner=FREERTOS
2021-07-21 20:12:34,375 [WARN] ModelIntegratedComponent:182 - Missing modes for component STMicroelectronics:FreeRTOS:0.0.1:STMicroelectronics:RTOS:FreeRTOS:Core:::10.2.0:
2021-07-21 20:12:34,425 [WARN] ModelIntegratedComponent:51 - No mode defined for component null
2021-07-21 20:12:34,425 [WARN] ModelIntegratedComponent:51 - No mode defined for component null
2021-07-21 20:12:34,425 [WARN] ModelIntegratedComponent:51 - No mode defined for component null
2021-07-21 20:12:34,426 [WARN] ModelIntegratedComponent:51 - No mode defined for component null
2021-07-21 20:12:34,426 [WARN] ModelIntegratedComponent:51 - No mode defined for component null
2021-07-21 20:12:34,426 [WARN] ModelIntegratedComponent:51 - No mode defined for component null
2021-07-21 20:12:34,426 [WARN] ModelIntegratedComponent:51 - No mode defined for component null
2021-07-21 20:12:34,427 [WARN] ModelIntegratedComponent:51 - No mode defined for component null
2021-07-21 20:12:34,427 [WARN] ModelIntegratedComponent:51 - No mode defined for component null
2021-07-21 20:12:34,427 [WARN] ModelIntegratedComponent:51 - No mode defined for component null
2021-07-21 20:12:34,427 [WARN] ModelIntegratedComponent:51 - No mode defined for component null
2021-07-21 20:12:34,428 [WARN] ModelIntegratedComponent:51 - No mode defined for component null
2021-07-21 20:12:34,428 [WARN] ModelIntegratedComponent:51 - No mode defined for component null
2021-07-21 20:12:34,428 [WARN] ModelIntegratedComponent:51 - No mode defined for component null
2021-07-21 20:12:34,428 [WARN] ModelIntegratedComponent:51 - No mode defined for component null
2021-07-21 20:12:34,429 [WARN] ModelIntegratedComponent:51 - No mode defined for component null
2021-07-21 20:12:34,429 [WARN] ModelIntegratedComponent:51 - No mode defined for component null
2021-07-21 20:12:34,429 [WARN] ModelIntegratedComponent:51 - No mode defined for component null
2021-07-21 20:12:34,430 [WARN] ModelIntegratedComponent:51 - No mode defined for component null
2021-07-21 20:12:34,430 [WARN] ModelIntegratedComponent:51 - No mode defined for component null
2021-07-21 20:12:34,430 [WARN] ModelIntegratedComponent:51 - No mode defined for component null
2021-07-21 20:12:34,430 [WARN] ModelIntegratedComponent:51 - No mode defined for component null
2021-07-21 20:12:34,431 [WARN] ModelIntegratedComponent:51 - No mode defined for component null
2021-07-21 20:12:34,431 [WARN] ModelIntegratedComponent:51 - No mode defined for component null
2021-07-21 20:12:34,431 [WARN] ModelIntegratedComponent:51 - No mode defined for component null
2021-07-21 20:12:34,431 [WARN] ModelIntegratedComponent:51 - No mode defined for component null
2021-07-21 20:12:34,432 [WARN] ModelIntegratedComponent:51 - No mode defined for component null
2021-07-21 20:12:34,441 [WARN] ApiManager:294 - Cannot register API 'Wireless:BlueNRG-MS' from pack STMicroelectronics.X-CUBE-BLE1.6.2.0: no header file found
2021-07-21 20:12:34,457 [WARN] ApiManager:294 - Cannot register API 'Board Extension:S2868A1' from pack STMicroelectronics.X-CUBE-SUBG2.4.1.0: no header file found
2021-07-21 20:12:34,458 [WARN] ApiManager:294 - Cannot register API 'Board Extension:S2868A2' from pack STMicroelectronics.X-CUBE-SUBG2.4.1.0: no header file found
2021-07-21 20:12:34,458 [WARN] ApiManager:294 - Cannot register API 'Board Extension:S2915A1' from pack STMicroelectronics.X-CUBE-SUBG2.4.1.0: no header file found
2021-07-21 20:12:36,090 [INFO] UtilMem:74 - End LoadConfig() Used Memory: 703222784 Bytes (900726784)
2021-07-21 20:12:36,151 [WARN] ThirdParty:762 - waiting for thirdparty lock release [change project]
2021-07-21 20:12:36,151 [INFO] ThirdParty:764 - entering critical section [change project]
2021-07-21 20:12:36,151 [INFO] ThirdParty:952 - CMSIS Pack Vendor :STMicroelectronics USB_HOST 2.0.0
2021-07-21 20:12:36,152 [INFO] ThirdParty:952 - CMSIS Pack Vendor :STMicroelectronics FreeRTOS 0.0.1
2021-07-21 20:12:36,152 [INFO] ThirdParty:952 - CMSIS Pack Vendor :STMicroelectronics USB_DEVICE 1.0.0
2021-07-21 20:12:36,152 [INFO] ThirdParty:952 - CMSIS Pack Vendor :SEGGER I-CUBE-embOS 1.2.0
2021-07-21 20:12:36,152 [INFO] ThirdParty:952 - CMSIS Pack Vendor :STMicroelectronics USB_DEVICE 3.0.0
2021-07-21 20:12:36,152 [INFO] ThirdParty:952 - CMSIS Pack Vendor :STMicroelectronics HAL Drivers 0.0.0
2021-07-21 20:12:36,153 [INFO] ThirdParty:952 - CMSIS Pack Vendor :STMicroelectronics MBEDTLS 2.16.2
2021-07-21 20:12:36,153 [INFO] ThirdParty:952 - CMSIS Pack Vendor :STMicroelectronics lwIP 2.0.3
2021-07-21 20:12:36,153 [INFO] ThirdParty:952 - CMSIS Pack Vendor :STMicroelectronics lwIP 2.1.2
2021-07-21 20:12:36,153 [INFO] ThirdParty:952 - CMSIS Pack Vendor :STMicroelectronics X-CUBE-BLE1 6.2.0
2021-07-21 20:12:36,153 [INFO] ThirdParty:952 - CMSIS Pack Vendor :STMicroelectronics MBEDTLS 2.14.1
2021-07-21 20:12:36,154 [INFO] ThirdParty:952 - CMSIS Pack Vendor :STMicroelectronics X-CUBE-SUBG2 4.1.0
2021-07-21 20:12:36,154 [INFO] ThirdParty:952 - CMSIS Pack Vendor :STMicroelectronics USB_HOST 1.0.0
2021-07-21 20:12:36,154 [INFO] ThirdParty:952 - CMSIS Pack Vendor :STMicroelectronics X-CUBE-TOUCHGFX 4.17.0
2021-07-21 20:12:36,154 [INFO] ThirdParty:952 - CMSIS Pack Vendor :STMicroelectronics PDM2PCM 3.1.0
2021-07-21 20:12:36,154 [INFO] ThirdParty:952 - CMSIS Pack Vendor :STMicroelectronics PDM2PCM 3.2.0
2021-07-21 20:12:36,155 [INFO] ThirdParty:952 - CMSIS Pack Vendor :STMicroelectronics USB_DEVICE 2.0.0
2021-07-21 20:12:36,155 [INFO] ThirdParty:952 - CMSIS Pack Vendor :STMicroelectronics PDM2PCM 3.3.0
2021-07-21 20:12:36,155 [INFO] ThirdParty:770 - exiting critical section [change project]
2021-07-21 20:12:37,439 [INFO] PinOutPanel:1435 - setPackage(No Configuration,No Configuration)
2021-07-21 20:12:37,443 [INFO] PinOutPanel:1435 - setPackage(STM32F072C8Tx,LQFP48)
2021-07-21 20:12:40,828 [INFO] UtilMem:74 - Before build in PCC Used Memory: 558124544 Bytes (900726784)
2021-07-21 20:12:42,523 [INFO] SharedServices:72 - Folder for power plug-in: C:/Users/Михаил/.stm32cubemx/plugins/power
2021-07-21 20:12:42,678 [INFO] SharedServices:72 - Folder for power plug-in: C:/Users/Михаил/.stm32cubemx/plugins/power
2021-07-21 20:12:42,847 [INFO] SharedServices:72 - Folder for power plug-in: C:/Users/Михаил/.stm32cubemx/plugins/power
2021-07-21 20:12:42,873 [INFO] SharedServices:72 - Folder for power plug-in: C:/Users/Михаил/.stm32cubemx/plugins/power
2021-07-21 20:12:43,516 [INFO] UtilMem:74 - After build in PCC Used Memory: 642010624 Bytes (900726784)
2021-07-21 20:12:43,601 [INFO] IPUIPlugin:64 - create IPUIPlugin
2021-07-21 20:12:43,602 [INFO] IPUIPlugin:64 - create IPUIPlugin
2021-07-21 20:12:43,603 [INFO] IPUIPlugin:64 - create IPUIPlugin
2021-07-21 20:12:43,603 [INFO] IPUIPlugin:64 - create IPUIPlugin
2021-07-21 20:12:43,604 [INFO] IPUIPlugin:64 - create IPUIPlugin
2021-07-21 20:12:43,605 [INFO] IPUIPlugin:64 - create IPUIPlugin
2021-07-21 20:12:43,605 [INFO] IPUIPlugin:64 - create IPUIPlugin
2021-07-21 20:12:43,606 [INFO] IPUIPlugin:64 - create IPUIPlugin
2021-07-21 20:12:43,607 [INFO] IPUIPlugin:64 - create IPUIPlugin
2021-07-21 20:12:43,607 [INFO] IPUIPlugin:64 - create IPUIPlugin
2021-07-21 20:12:43,608 [INFO] IPUIPlugin:64 - create IPUIPlugin
2021-07-21 20:12:43,609 [INFO] IPUIPlugin:64 - create IPUIPlugin
2021-07-21 20:12:43,610 [INFO] IPUIPlugin:64 - create IPUIPlugin
2021-07-21 20:12:43,611 [INFO] IPUIPlugin:64 - create IPUIPlugin
2021-07-21 20:12:43,611 [INFO] IPUIPlugin:64 - create IPUIPlugin
2021-07-21 20:12:43,617 [INFO] IPUIPlugin:64 - create IPUIPlugin
2021-07-21 20:12:43,618 [INFO] IPUIPlugin:64 - create IPUIPlugin
2021-07-21 20:12:43,619 [INFO] IPUIPlugin:64 - create IPUIPlugin
2021-07-21 20:12:43,620 [INFO] IPUIPlugin:64 - create IPUIPlugin
2021-07-21 20:12:43,621 [INFO] IPUIPlugin:64 - create IPUIPlugin
2021-07-21 20:12:43,622 [INFO] IPUIPlugin:64 - create IPUIPlugin
2021-07-21 20:12:43,624 [INFO] IPUIPlugin:64 - create IPUIPlugin
2021-07-21 20:12:43,625 [INFO] IPUIPlugin:64 - create IPUIPlugin
2021-07-21 20:12:43,627 [INFO] IPUIPlugin:64 - create IPUIPlugin
2021-07-21 20:12:43,628 [INFO] IPUIPlugin:64 - create IPUIPlugin
2021-07-21 20:12:43,629 [INFO] IPUIPlugin:64 - create IPUIPlugin
2021-07-21 20:12:43,630 [INFO] IPUIPlugin:64 - create IPUIPlugin
2021-07-21 20:12:43,631 [INFO] IPUIPlugin:64 - create IPUIPlugin
2021-07-21 20:12:43,633 [INFO] IPUIPlugin:64 - create IPUIPlugin
2021-07-21 20:12:43,634 [INFO] IPUIPlugin:64 - create IPUIPlugin
2021-07-21 20:12:43,642 [INFO] IPUIPlugin:64 - create IPUIPlugin
2021-07-21 20:12:43,643 [INFO] IPUIPlugin:64 - create IPUIPlugin
2021-07-21 20:12:43,646 [INFO] IPUIPlugin:64 - create IPUIPlugin
2021-07-21 20:12:43,649 [INFO] IPUIPlugin:64 - create IPUIPlugin
2021-07-21 20:12:43,651 [INFO] IPUIPlugin:64 - create IPUIPlugin
2021-07-21 20:12:43,653 [INFO] IPUIPlugin:64 - create IPUIPlugin
2021-07-21 20:12:43,655 [INFO] IPUIPlugin:64 - create IPUIPlugin
2021-07-21 20:12:43,656 [INFO] IPUIPlugin:64 - create IPUIPlugin
2021-07-21 20:12:43,658 [INFO] IPUIPlugin:64 - create IPUIPlugin
2021-07-21 20:12:43,661 [INFO] IPUIPlugin:64 - create IPUIPlugin
2021-07-21 20:12:43,662 [INFO] IPUIPlugin:64 - create IPUIPlugin
2021-07-21 20:12:43,841 [INFO] LogOutputStream:76 - [STDOUT_REDIRECT] toolchainItems.length=====1
2021-07-21 20:12:44,376 [INFO] OpenFileManager:323 - Restore cursor
2021-07-21 20:12:45,752 [INFO] UtilMem:74 - End SaveConfig() Used Memory: 710168064 Bytes (900726784)
2021-07-21 20:12:45,894 [INFO] UtilMem:74 - End SaveConfig() Used Memory: 719083008 Bytes (900726784)
2021-07-21 20:12:47,166 [INFO] BlockDiagram:2735 - set Specific Code input for plugin: NVIC
2021-07-21 20:12:47,166 [INFO] BlockDiagram:2735 - set Specific Code input for plugin: SYS
2021-07-21 20:12:47,167 [INFO] BlockDiagram:2735 - set Specific Code input for plugin: RCC
2021-07-21 20:12:47,168 [INFO] CodeGenerator:641 - code generatio: config db path: C:\ST\STM32CubeIDE_1.5.1\STM32CubeIDE\plugins\com.st.stm32cube.common.mx_6.2.1.202103241236\\db\
2021-07-21 20:12:48,487 [INFO] CodeEngine:229 - oldGeneratedFile, C:\Video\2btns2leds\2b2l\MXTmpFiles\license.tmp_save
2021-07-21 20:12:50,023 [INFO] CodeEngine:247 - Generated code: C:\Video\2btns2leds\2b2l\MXTmpFiles\license.tmp
2021-07-21 20:12:50,774 [INFO] CodeEngine:229 - oldGeneratedFile, C:\Video\2btns2leds\2b2l\Core\Src\stm32f0xx_it.c_save
2021-07-21 20:12:51,280 [INFO] CodeEngine:247 - Generated code: C:\Video\2btns2leds\2b2l\Core\Src\stm32f0xx_it.c
2021-07-21 20:12:51,307 [INFO] CodeEngine:229 - oldGeneratedFile, C:\Video\2btns2leds\2b2l\Core\Inc\stm32f0xx_it.h_save
2021-07-21 20:12:51,515 [INFO] CodeEngine:247 - Generated code: C:\Video\2btns2leds\2b2l\Core\Inc\stm32f0xx_it.h
2021-07-21 20:12:51,617 [INFO] CodeEngine:229 - oldGeneratedFile, C:\Video\2btns2leds\2b2l\Core\Src\stm32f0xx_hal_msp.c_save
2021-07-21 20:12:52,225 [INFO] CodeEngine:247 - Generated code: C:\Video\2btns2leds\2b2l\Core\Src\stm32f0xx_hal_msp.c
2021-07-21 20:12:52,274 [INFO] CodeEngine:229 - oldGeneratedFile, C:\Video\2btns2leds\2b2l\MXTmpFiles\system.tmp_save
2021-07-21 20:12:52,601 [INFO] CodeEngine:247 - Generated code: C:\Video\2btns2leds\2b2l\MXTmpFiles\system.tmp
2021-07-21 20:12:52,665 [INFO] CodeEngine:229 - oldGeneratedFile, C:\Video\2btns2leds\2b2l\Core\Inc\stm32f0xx_hal_conf.h_save
2021-07-21 20:12:52,857 [INFO] CodeEngine:247 - Generated code: C:\Video\2btns2leds\2b2l\Core\Inc\stm32f0xx_hal_conf.h
2021-07-21 20:12:53,082 [INFO] CodeEngine:229 - oldGeneratedFile, C:\Video\2btns2leds\2b2l\Core\Inc\main.h_save
2021-07-21 20:12:53,312 [INFO] CodeEngine:247 - Generated code: C:\Video\2btns2leds\2b2l\Core\Inc\main.h
2021-07-21 20:12:53,326 [INFO] CodeEngine:229 - oldGeneratedFile, C:\Video\2btns2leds\2b2l\Core\Src\main.c_save
2021-07-21 20:12:53,681 [INFO] CodeEngine:247 - Generated code: C:\Video\2btns2leds\2b2l\Core\Src\main.c
2021-07-21 20:12:57,516 [INFO] ProjectBuilder:2460 - Time for Copy HAL[1] : 980mS.
2021-07-21 20:12:57,540 [INFO] ProjectBuilder:3418 - Project Generator version: 3.13.0-B3
2021-07-21 20:12:59,390 [INFO] ConfigFileManager:1242 - The Die is : DIE448
2021-07-21 20:12:59,527 [INFO] ApiDbMcu:458 - Load IP Config File for FATFS
2021-07-21 20:13:00,142 [INFO] ApiDbMcu:458 - Load IP Config File for FREERTOS
2021-07-21 20:13:00,821 [INFO] ApiDbMcu:458 - Load IP Config File for TOUCHSENSING
2021-07-21 20:13:00,955 [INFO] ApiDbMcu:458 - Load IP Config File for USB_DEVICE
2021-07-21 20:13:10,344 [ERROR] LogOutputStream:74 - [STDERR_REDIRECT] Managed Build system manifest file error: Could not load icon "icons/chip.png".
2021-07-21 20:13:10,359 [ERROR] LogOutputStream:74 - [STDERR_REDIRECT] Managed Build system manifest file error: Could not load icon "icons/chip.png".
2021-07-21 20:13:10,396 [ERROR] LogOutputStream:74 - [STDERR_REDIRECT] Managed Build system manifest file error: Could not load icon "icons/chip.png".
2021-07-21 20:13:20,740 [INFO] ProjectBuilder:3584 - Time for Generating toolchain IDE Files: 23200mS.
2021-07-21 20:13:20,741 [INFO] ProjectBuilder:2339 - Time for Copy CMSIS : 0mS.
2021-07-21 20:13:20,744 [INFO] ProjectBuilder:2339 - Time for Copy CMSIS : 1mS.
2021-07-21 20:13:24,009 [INFO] ApiDb:276 - Save user favorites file C:\Users\Михаил/.stm32cubeide/favorites.mcus.txt: 0 item(s)
2021-07-21 20:13:24,009 [INFO] ApiDb:280 - User favorites MCUs=[]
2021-07-21 20:15:02,008 [INFO] UtilMem:74 - End SaveConfig() Used Memory: 729347280 Bytes (960495616)
2021-07-21 20:15:09,632 [INFO] UtilMem:74 - End SaveConfig() Used Memory: 594322800 Bytes (960495616)
2021-07-21 20:15:12,245 [INFO] BlockDiagram:2735 - set Specific Code input for plugin: NVIC
2021-07-21 20:15:12,245 [INFO] BlockDiagram:2735 - set Specific Code input for plugin: SYS
2021-07-21 20:15:12,246 [INFO] BlockDiagram:2735 - set Specific Code input for plugin: GPIO
2021-07-21 20:15:12,246 [INFO] BlockDiagram:2735 - set Specific Code input for plugin: RCC
2021-07-21 20:15:12,247 [INFO] CodeGenerator:641 - code generatio: config db path: C:\ST\STM32CubeIDE_1.5.1\STM32CubeIDE\plugins\com.st.stm32cube.common.mx_6.2.1.202103241236\\db\
2021-07-21 20:15:13,259 [INFO] CodeEngine:229 - oldGeneratedFile, C:\Video\2btns2leds\2b2l\MXTmpFiles\license.tmp_save
2021-07-21 20:15:13,715 [INFO] CodeEngine:247 - Generated code: C:\Video\2btns2leds\2b2l\MXTmpFiles\license.tmp
2021-07-21 20:15:14,214 [INFO] CodeEngine:229 - oldGeneratedFile, C:\Video\2btns2leds\2b2l\MXTmpFiles\gpio.tmp_save
2021-07-21 20:15:14,494 [INFO] CodeEngine:247 - Generated code: C:\Video\2btns2leds\2b2l\MXTmpFiles\gpio.tmp
2021-07-21 20:15:14,952 [INFO] CodeEngine:229 - oldGeneratedFile, C:\Video\2btns2leds\2b2l\Core\Src\stm32f0xx_it.c_save
2021-07-21 20:15:15,221 [INFO] CodeEngine:247 - Generated code: C:\Video\2btns2leds\2b2l\Core\Src\stm32f0xx_it.c
2021-07-21 20:15:15,229 [INFO] CodeEngine:229 - oldGeneratedFile, C:\Video\2btns2leds\2b2l\Core\Inc\stm32f0xx_it.h_save
2021-07-21 20:15:15,479 [INFO] CodeEngine:247 - Generated code: C:\Video\2btns2leds\2b2l\Core\Inc\stm32f0xx_it.h
2021-07-21 20:15:15,509 [INFO] CodeEngine:229 - oldGeneratedFile, C:\Video\2btns2leds\2b2l\Core\Src\stm32f0xx_hal_msp.c_save
2021-07-21 20:15:15,823 [INFO] CodeEngine:247 - Generated code: C:\Video\2btns2leds\2b2l\Core\Src\stm32f0xx_hal_msp.c
2021-07-21 20:15:15,830 [INFO] CodeEngine:229 - oldGeneratedFile, C:\Video\2btns2leds\2b2l\MXTmpFiles\system.tmp_save
2021-07-21 20:15:16,049 [INFO] CodeEngine:247 - Generated code: C:\Video\2btns2leds\2b2l\MXTmpFiles\system.tmp
2021-07-21 20:15:16,066 [INFO] CodeEngine:229 - oldGeneratedFile, C:\Video\2btns2leds\2b2l\Core\Inc\stm32f0xx_hal_conf.h_save
2021-07-21 20:15:16,293 [INFO] CodeEngine:247 - Generated code: C:\Video\2btns2leds\2b2l\Core\Inc\stm32f0xx_hal_conf.h
2021-07-21 20:15:16,423 [INFO] CodeEngine:229 - oldGeneratedFile, C:\Video\2btns2leds\2b2l\Core\Inc\main.h_save
2021-07-21 20:15:16,950 [INFO] CodeEngine:247 - Generated code: C:\Video\2btns2leds\2b2l\Core\Inc\main.h
2021-07-21 20:15:16,957 [INFO] CodeEngine:229 - oldGeneratedFile, C:\Video\2btns2leds\2b2l\Core\Src\main.c_save
2021-07-21 20:15:17,397 [INFO] CodeEngine:247 - Generated code: C:\Video\2btns2leds\2b2l\Core\Src\main.c
2021-07-21 20:15:20,764 [INFO] ProjectBuilder:2460 - Time for Copy HAL[1] : 133mS.
2021-07-21 20:15:20,774 [INFO] ProjectBuilder:3418 - Project Generator version: 3.13.0-B3
2021-07-21 20:15:22,625 [INFO] ConfigFileManager:1242 - The Die is : DIE448
2021-07-21 20:15:33,148 [INFO] ProjectBuilder:3584 - Time for Generating toolchain IDE Files: 12374mS.
2021-07-21 20:15:33,149 [INFO] ProjectBuilder:2339 - Time for Copy CMSIS : 1mS.
2021-07-21 20:15:33,151 [INFO] ProjectBuilder:2339 - Time for Copy CMSIS : 0mS.
2021-07-21 23:13:57,502 [INFO] Activator:170 - 


2021-07-21 23:13:57,507 [INFO] Activator:171 - !SESSION log4j initialized
2021-07-21 23:13:59,081 [ERROR] LogOutputStream:74 - [STDERR_REDIRECT] Managed Build system manifest file error: Could not load icon "icons/chip.png".
2021-07-21 23:13:59,088 [ERROR] LogOutputStream:74 - [STDERR_REDIRECT] Managed Build system manifest file error: Could not load icon "icons/chip.png".
2021-07-21 23:13:59,097 [ERROR] LogOutputStream:74 - [STDERR_REDIRECT] Managed Build system manifest file error: Could not load icon "icons/chip.png".
